Flutter crash report.
Please report a bug at https://github.com/flutter/flutter/issues.

## command

flutter --quiet assemble --no-version-check --depfile D:\FlutterProjects\doctors_appointments\build\app\intermediates\flutter\debug/flutter_build.d --output D:\FlutterProjects\doctors_appointments\build\app\intermediates\flutter\debug -dTargetFile=D:\FlutterProjects\doctors_appointments\lib\main.dart -dTargetPlatform=android -dBuildMode=debug -dTrackWidgetCreation=true --DartDefines=Zmx1dHRlci5pbnNwZWN0b3Iuc3RydWN0dXJlZEVycm9ycz10cnVl,RkxVVFRFUl9XRUJfQVVUT19ERVRFQ1Q9dHJ1ZQ== debug_android_application

## exception

FileSystemException: FileSystemException: Cannot delete file, path = 'D:\FlutterProjects\doctors_appointments\build\app\intermediates\flutter\debug\flutter_assets\packages/intl_phone_field/assets/flags/au.png' (OS Error: The process cannot access the file because it is being used by another process.
, errno = 32)

```
#0      _File.throwIfError (dart:io/file_impl.dart:629:7)
#1      _File._deleteSync (dart:io/file_impl.dart:312:5)
#2      FileSystemEntity.deleteSync (dart:io/file_system_entity.dart:424:7)
#3      ForwardingFileSystemEntity.deleteSync (package:file/src/forwarding/forwarding_file_system_entity.dart:70:16)
#4      ForwardingFileSystemEntity.deleteSync (package:file/src/forwarding/forwarding_file_system_entity.dart:70:16)
#5      ErrorHandlingFileSystem.deleteIfExists (package:flutter_tools/src/base/error_handling_io.dart:82:12)
#6      FlutterBuildSystem.trackSharedBuildDirectory (package:flutter_tools/src/build_system/build_system.dart:750:33)
#7      FlutterBuildSystem.build (package:flutter_tools/src/build_system/build_system.dart:638:5)
<asynchronous suspension>
#8      AssembleCommand.runCommand (package:flutter_tools/src/commands/assemble.dart:337:32)
<asynchronous suspension>
#9      FlutterCommand.run.<anonymous closure> (package:flutter_tools/src/runner/flutter_command.dart:1257:27)
<asynchronous suspension>
#10     AppContext.run.<anonymous closure> (package:flutter_tools/src/base/context.dart:150:19)
<asynchronous suspension>
#11     CommandRunner.runCommand (package:args/command_runner.dart:209:13)
<asynchronous suspension>
#12     FlutterCommandRunner.runCommand.<anonymous closure> (package:flutter_tools/src/runner/flutter_command_runner.dart:283:9)
<asynchronous suspension>
#13     AppContext.run.<anonymous closure> (package:flutter_tools/src/base/context.dart:150:19)
<asynchronous suspension>
#14     FlutterCommandRunner.runCommand (package:flutter_tools/src/runner/flutter_command_runner.dart:229:5)
<asynchronous suspension>
#15     run.<anonymous closure>.<anonymous closure> (package:flutter_tools/runner.dart:64:9)
<asynchronous suspension>
#16     AppContext.run.<anonymous closure> (package:flutter_tools/src/base/context.dart:150:19)
<asynchronous suspension>
#17     main (package:flutter_tools/executable.dart:91:3)
<asynchronous suspension>
```

## flutter doctor

```
[!] Flutter (Channel stable, 3.7.12, on Microsoft Windows [Version 10.0.19045.3086], locale en-IN)
    • Flutter version 3.7.12 on channel stable at D:\Software\flutter_windows_3.7.12-stable\flutter
    ! Warning: `flutter` on your path resolves to D:\Software\flutter_windows_3.10.2-stable\flutter\bin\flutter, which is not inside your current Flutter SDK checkout at D:\Software\flutter_windows_3.7.12-stable\flutter. Consider adding D:\Software\flutter_windows_3.7.12-stable\flutter\bin to the front of your path.
    ! Warning: `dart` on your path resolves to D:\Software\flutter_windows_3.10.2-stable\flutter\bin\dart, which is not inside your current Flutter SDK checkout at D:\Software\flutter_windows_3.7.12-stable\flutter. Consider adding D:\Software\flutter_windows_3.7.12-stable\flutter\bin to the front of your path.
    • Upstream repository https://github.com/flutter/flutter.git
    • Framework revision 4d9e56e694 (9 weeks ago), 2023-04-17 21:47:46 -0400
    • Engine revision 1a65d409c7
    • Dart version 2.19.6
    • DevTools version 2.20.1
    • If those were intentional, you can disregard the above warnings; however it is recommended to use "git" directly to perform update checks and upgrades.

[✓] Windows Version (Installed version of Windows is version 10 or higher)

[✓] Android toolchain - develop for Android devices (Android SDK version 33.0.2)
    • Android SDK at D:/AndroidProjects/SDK
    • Platform android-33, build-tools 33.0.2
    • ANDROID_HOME = D:/AndroidProjects/SDK
    • Java binary at: C:\Program Files\Android\Android Studio\jbr\bin\java
    • Java version OpenJDK Runtime Environment (build 17.0.6+0-b2043.56-9586694)
    • All Android licenses accepted.

[✓] Chrome - develop for the web
    • Chrome at C:\Program Files\Google\Chrome\Application\chrome.exe

[✗] Visual Studio - develop for Windows
    ✗ Visual Studio not installed; this is necessary for Windows development.
      Download at https://visualstudio.microsoft.com/downloads/.
      Please install the "Desktop development with C++" workload, including all of its default components

[✓] Android Studio (version 2022.2)
    • Android Studio at C:\Program Files\Android\Android Studio
    • Flutter plugin can be installed from:
      🔨 https://plugins.jetbrains.com/plugin/9212-flutter
    • Dart plugin can be installed from:
      🔨 https://plugins.jetbrains.com/plugin/6351-dart
    • Java version OpenJDK Runtime Environment (build 17.0.6+0-b2043.56-9586694)

[✓] Connected device (6 available)
    • Redmi Note 8 Pro (mobile)    • z9r8guivgy85rsbi • android-arm64  • Android 11 (API 30)
    • sdk gphone64 x86 64 (mobile) • emulator-5554    • android-x64    • Android 13 (API 33) (emulator)
    • sdk gphone64 x86 64 (mobile) • emulator-5556    • android-x64    • Android 13 (API 33) (emulator)
    • Windows (desktop)            • windows          • windows-x64    • Microsoft Windows [Version 10.0.19045.3086]
    • Chrome (web)                 • chrome           • web-javascript • Google Chrome 114.0.5735.134
    • Edge (web)                   • edge             • web-javascript • Microsoft Edge 114.0.1823.37

[✓] HTTP Host Availability
    • All required HTTP hosts are available

! Doctor found issues in 2 categories.
```
